# JRE version: Java(TM) SE Runtime Environment 18.9 (11.0.14+8) (build 11.0.14+8-LTS-263)
# Java VM: Java HotSpot(TM) 64-Bit Server VM 18.9 (11.0.14+8-LTS-263, mixed mode, tiered, compressed oops, g1 gc, windows-amd64)
Heap:
 garbage-first heap   total 126976K, used 62673K [0x0000000703200000, 0x0000000800000000)
  region size 1024K, 27 young (27648K), 5 survivors (5120K)
 Metaspace       used 79609K, capacity 81785K, committed 81920K, reserved 1120256K
  class space    used 9652K, capacity 10470K, committed 10496K, reserved 1048576K
GC Heap History (10 events):
Event: 76.101 GC heap after
{Heap after GC invocations=13 (full 1):
 garbage-first heap   total 126976K, used 37678K [0x0000000703200000, 0x0000000800000000)
  region size 1024K, 4 young (4096K), 4 survivors (4096K)
 Metaspace       used 77429K, capacity 79500K, committed 79872K, reserved 1118208K
  class space    used 9560K, capacity 10371K, committed 10496K, reserved 1048576K
}
Event: 76.462 GC heap before
{Heap before GC invocations=13 (full 1):
 garbage-first heap   total 126976K, used 102190K [0x0000000703200000, 0x0000000800000000)
  region size 1024K, 65 young (66560K), 4 survivors (4096K)
 Metaspace       used 78181K, capacity 80244K, committed 80384K, reserved 1120256K
  class space    used 9595K, capacity 10391K, committed 10496K, reserved 1048576K
}
Event: 76.466 GC heap after
{Heap after GC invocations=14 (full 1):
 garbage-first heap   total 126976K, used 38258K [0x0000000703200000, 0x0000000800000000)
  region size 1024K, 5 young (5120K), 5 survivors (5120K)
 Metaspace       used 78181K, capacity 80244K, committed 80384K, reserved 1120256K
  class space    used 9595K, capacity 10391K, committed 10496K, reserved 1048576K
}
Event: 86.707 GC heap before
{Heap before GC invocations=14 (full 1):
 garbage-first heap   total 126976K, used 60786K [0x0000000703200000, 0x0000000800000000)
  region size 1024K, 28 young (28672K), 5 survivors (5120K)
 Metaspace       used 78469K, capacity 80555K, committed 80896K, reserved 1120256K
  class space    used 9607K, capacity 10406K, committed 10496K, reserved 1048576K
}
Event: 86.777 GC heap after
{Heap after GC invocations=15 (full 2):
 garbage-first heap   total 126976K, used 35843K [0x0000000703200000, 0x0000000800000000)
  region size 1024K, 0 young (0K), 0 survivors (0K)
 Metaspace       used 78450K, capacity 80525K, committed 80896K, reserved 1120256K
  class space    used 9604K, capacity 10401K, committed 10496K, reserved 1048576K
}
Event: 87.302 GC heap before
{Heap before GC invocations=15 (full 2):
 garbage-first heap   total 126976K, used 102403K [0x0000000703200000, 0x0000000800000000)
  region size 1024K, 64 young (65536K), 0 survivors (0K)
 Metaspace       used 78823K, capacity 80958K, committed 81152K, reserved 1120256K
  class space    used 9627K, capacity 10460K, committed 10496K, reserved 1048576K
}
Event: 87.305 GC heap after
{Heap after GC invocations=16 (full 2):
 garbage-first heap   total 126976K, used 38868K [0x0000000703200000, 0x0000000800000000)
  region size 1024K, 3 young (3072K), 3 survivors (3072K)
 Metaspace       used 78823K, capacity 80958K, committed 81152K, reserved 1120256K
  class space    used 9627K, capacity 10460K, committed 10496K, reserved 1048576K
}
Event: 87.616 GC heap before
{Heap before GC invocations=16 (full 2):
 garbage-first heap   total 126976K, used 104404K [0x0000000703200000, 0x0000000800000000)
  region size 1024K, 65 young (66560K), 3 survivors (3072K)
 Metaspace       used 79390K, capacity 81578K, committed 81664K, reserved 1120256K
  class space    used 9645K, capacity 10467K, committed 10496K, reserved 1048576K
}
Event: 87.619 GC heap after
{Heap after GC invocations=17 (full 2):
 garbage-first heap   total 126976K, used 40167K [0x0000000703200000, 0x0000000800000000)
  region size 1024K, 5 young (5120K), 5 survivors (5120K)
 Metaspace       used 79390K, capacity 81578K, committed 81664K, reserved 1120256K
  class space    used 9645K, capacity 10467K, committed 10496K, reserved 1048576K
}
Event: 100.781 GC heap before
{Heap before GC invocations=17 (full 2):
 garbage-first heap   total 126976K, used 61671K [0x0000000703200000, 0x0000000800000000)
  region size 1024K, 27 young (27648K), 5 survivors (5120K)
 Metaspace       used 79609K, capacity 81785K, committed 81920K, reserved 1120256K
  class space    used 9652K, capacity 10470K, committed 10496K, reserved 1048576K
}

